[debug] [2025-11-16T08:20:05.120Z] ----------------------------------------------------------------------
[debug] [2025-11-16T08:20:05.123Z] Command:       /usr/local/bin/node /usr/local/bin/firebase init hosting
[debug] [2025-11-16T08:20:05.124Z] CLI Version:   14.25.0
[debug] [2025-11-16T08:20:05.124Z] Platform:      linux
[debug] [2025-11-16T08:20:05.124Z] Node Version:  v22.16.0
[debug] [2025-11-16T08:20:05.124Z] Time:          Sun Nov 16 2025 13:50:05 GMT+0530 (India Standard Time)
[debug] [2025-11-16T08:20:05.124Z] ----------------------------------------------------------------------
[debug] 
[info] 
     ######## #### ########  ######## ########     ###     ######  ########
     ##        ##  ##     ## ##       ##     ##  ##   ##  ##       ##
     ######    ##  ########  ######   ########  #########  ######  ######
     ##        ##  ##    ##  ##       ##     ## ##     ##       ## ##
     ##       #### ##     ## ######## ########  ##     ##  ######  ########

You're about to initialize a Firebase project in this directory:

  /media/root18/dev/TendulkarSuriya/Personal/portfolio/portfolio-2.0/portfolio

Before we get started, keep in mind:

  * You are currently outside your home directory
  * You are initializing within an existing Firebase project directory

[info] 
=== Project Setup
[info] 
[info] First, let's associate this project directory with a Firebase project.
[info] You can create multiple project aliases by running firebase use --add, 
[info] 
[debug] [2025-11-16T08:20:05.281Z] > command requires scopes: ["email","openid","https://www.googleapis.com/auth/cloudplatformprojects.readonly","https://www.googleapis.com/auth/firebase","https://www.googleapis.com/auth/cloud-platform"]
[debug] [2025-11-16T08:20:05.281Z] > authorizing via signed-in user (tendulkarsuriya@gmail.com)
[debug] [2025-11-16T08:20:05.281Z] Checked if tokens are valid: true, expires at: 1763284555145
[debug] [2025-11-16T08:20:05.282Z] Checked if tokens are valid: true, expires at: 1763284555145
[debug] [2025-11-16T08:20:05.282Z] >>> [apiv2][query] GET https://firebase.googleapis.com/v1beta1/projects/tendulkarsuriya-about [none]
[debug] [2025-11-16T08:20:06.181Z] <<< [apiv2][status] GET https://firebase.googleapis.com/v1beta1/projects/tendulkarsuriya-about 200
[debug] [2025-11-16T08:20:06.181Z] <<< [apiv2][body] GET https://firebase.googleapis.com/v1beta1/projects/tendulkarsuriya-about {"projectId":"tendulkarsuriya-about","projectNumber":"681627087733","displayName":"Tendulkarsuriya-about","name":"projects/tendulkarsuriya-about","resources":{"hostingSite":"tendulkarsuriya-about"},"state":"ACTIVE","etag":"1_c780a5c1-6a1d-4f6b-8c5c-147e5740192c"}
[info] i  Using project tendulkarsuriya-about (Tendulkarsuriya-about) . 
[info] 
=== Hosting Setup
[debug] [2025-11-16T08:20:06.195Z] Checked if tokens are valid: true, expires at: 1763284555145
[debug] [2025-11-16T08:20:06.195Z] Checked if tokens are valid: true, expires at: 1763284555145
[debug] [2025-11-16T08:20:06.195Z] >>> [apiv2][query] GET https://firebase.googleapis.com/v1beta1/projects/tendulkarsuriya-about [none]
[debug] [2025-11-16T08:20:06.990Z] <<< [apiv2][status] GET https://firebase.googleapis.com/v1beta1/projects/tendulkarsuriya-about 200
[debug] [2025-11-16T08:20:06.990Z] <<< [apiv2][body] GET https://firebase.googleapis.com/v1beta1/projects/tendulkarsuriya-about {"projectId":"tendulkarsuriya-about","projectNumber":"681627087733","displayName":"Tendulkarsuriya-about","name":"projects/tendulkarsuriya-about","resources":{"hostingSite":"tendulkarsuriya-about"},"state":"ACTIVE","etag":"1_c780a5c1-6a1d-4f6b-8c5c-147e5740192c"}
[info] 
[info] Your public directory is the folder (relative to your project directory) that
[info] will contain Hosting assets to be uploaded with firebase deploy. If you
[info] have a build process for your assets, use your build's output directory.
[info] 
